<?xml version="1.0" encoding="UTF-8"?>
<!-- Generated by org.testng.reporters.JUnitXMLReporter -->
<testsuite ignored="0" hostname="DESKTOP-LAFM9KP" failures="0" tests="3" name="Testpractise" time="0.194" errors="0" timestamp="2023-10-27T23:01:15 GST">
  <testcase classname="TestNg.TestNGPractice" name="modiCustomer" time="0.022"/>
  <testcase classname="TestNg.TestNGPractice" name="createCustomer" time="0.014"/>
  <testcase classname="TestNg.TestNGPractice" name="deleteCustomer" time="0.003"/>
</testsuite> <!-- Testpractise -->
