<?xml version="1.0" encoding="UTF-8"?>
<testng-results ignored="0" total="1" passed="1" failed="0" skipped="0">
  <reporter-output>
  </reporter-output>
  <suite started-at="2023-11-10T00:11:18 GST" name="Default suite" finished-at="2023-11-10T00:11:18 GST" duration-ms="165">
    <groups>
    </groups>
    <test started-at="2023-11-10T00:11:18 GST" name="Default test" finished-at="2023-11-10T00:11:18 GST" duration-ms="165">
      <class name="Practise.ReaddatafromCmdLine">
        <test-method signature="read()[pri:0, instance:Practise.ReaddatafromCmdLine@543295b0]" started-at="2023-11-10T00:11:18 GST" name="read" finished-at="2023-11-10T00:11:18 GST" duration-ms="36" status="PASS">
          <reporter-output>
          </reporter-output>
        </test-method> <!-- read -->
      </class> <!-- Practise.ReaddatafromCmdLine -->
    </test> <!-- Default test -->
  </suite> <!-- Default suite -->
</testng-results>
